<?xml version="1.0" encoding="UTF-8"?>
<testng-results skipped="0" failed="1" ignored="0" total="5" passed="4">
  <reporter-output>
  </reporter-output>
  <suite name="Suite" duration-ms="60860" started-at="2020-02-25T12:22:23 IST" finished-at="2020-02-25T12:23:24 IST">
    <groups>
    </groups>
    <test name="Test" duration-ms="60860" started-at="2020-02-25T12:22:23 IST" finished-at="2020-02-25T12:23:24 IST">
      <class name="TestCases.MouseHoveringAndToolTip">
        <test-method status="PASS" signature="initialization()[pri:0, instance:TestCases.MouseHoveringAndToolTip@59e5ddf]" name="initialization" is-config="true" duration-ms="9348" started-at="2020-02-25T12:22:52 IST" finished-at="2020-02-25T12:23:01 IST">
          <reporter-output>
          </reporter-output>
        </test-method> <!-- initialization -->
        <test-method status="PASS" signature="getToolTip()[pri:1, instance:TestCases.MouseHoveringAndToolTip@59e5ddf]" name="getToolTip" duration-ms="199" started-at="2020-02-25T12:23:01 IST" finished-at="2020-02-25T12:23:01 IST">
          <reporter-output>
          </reporter-output>
        </test-method> <!-- getToolTip -->
        <test-method status="PASS" signature="afterMethod()[pri:0, instance:TestCases.MouseHoveringAndToolTip@59e5ddf]" name="afterMethod" is-config="true" duration-ms="840" started-at="2020-02-25T12:23:01 IST" finished-at="2020-02-25T12:23:02 IST">
          <reporter-output>
          </reporter-output>
        </test-method> <!-- afterMethod -->
        <test-method status="PASS" signature="initialization()[pri:0, instance:TestCases.MouseHoveringAndToolTip@59e5ddf]" name="initialization" is-config="true" duration-ms="7441" started-at="2020-02-25T12:23:02 IST" finished-at="2020-02-25T12:23:09 IST">
          <reporter-output>
          </reporter-output>
        </test-method> <!-- initialization -->
        <test-method status="PASS" signature="getTitle()[pri:2, instance:TestCases.MouseHoveringAndToolTip@59e5ddf]" name="getTitle" duration-ms="52" started-at="2020-02-25T12:23:09 IST" finished-at="2020-02-25T12:23:09 IST">
          <reporter-output>
          </reporter-output>
        </test-method> <!-- getTitle -->
        <test-method status="PASS" signature="afterMethod()[pri:0, instance:TestCases.MouseHoveringAndToolTip@59e5ddf]" name="afterMethod" is-config="true" duration-ms="700" started-at="2020-02-25T12:23:09 IST" finished-at="2020-02-25T12:23:10 IST">
          <reporter-output>
          </reporter-output>
        </test-method> <!-- afterMethod -->
        <test-method status="PASS" signature="initialization()[pri:0, instance:TestCases.MouseHoveringAndToolTip@59e5ddf]" name="initialization" is-config="true" duration-ms="8497" started-at="2020-02-25T12:23:10 IST" finished-at="2020-02-25T12:23:19 IST">
          <reporter-output>
          </reporter-output>
        </test-method> <!-- initialization -->
        <test-method status="FAIL" signature="clickFAQ()[pri:3, instance:TestCases.MouseHoveringAndToolTip@59e5ddf]" name="clickFAQ" duration-ms="4385" started-at="2020-02-25T12:23:19 IST" finished-at="2020-02-25T12:23:23 IST">
          <exception class="java.lang.AssertionError">
            <message>
              <![CDATA[expected [Frequently Asked Questions- Jobseeker – Naukri.com] but found [Genpact]]]>
            </message>
            <full-stacktrace>
              <![CDATA[java.lang.AssertionError: expected [Frequently Asked Questions- Jobseeker – Naukri.com] but found [Genpact]
at org.testng.Assert.fail(Assert.java:97)
at org.testng.Assert.assertEqualsImpl(Assert.java:136)
at org.testng.Assert.assertEquals(Assert.java:118)
at org.testng.Assert.assertEquals(Assert.java:575)
at org.testng.Assert.assertEquals(Assert.java:585)
at TestCases.MouseHoveringAndToolTip.clickFAQ(MouseHoveringAndToolTip.java:81)
at sun.reflect.NativeMethodAccessorImpl.invoke0(Native Method)
at sun.reflect.NativeMethodAccessorImpl.invoke(NativeMethodAccessorImpl.java:62)
at sun.reflect.DelegatingMethodAccessorImpl.invoke(DelegatingMethodAccessorImpl.java:43)
at java.lang.reflect.Method.invoke(Method.java:498)
at org.testng.internal.MethodInvocationHelper.invokeMethod(MethodInvocationHelper.java:134)
at org.testng.internal.TestInvoker.invokeMethod(TestInvoker.java:597)
at org.testng.internal.TestInvoker.invokeTestMethod(TestInvoker.java:173)
at org.testng.internal.MethodRunner.runInSequence(MethodRunner.java:46)
at org.testng.internal.TestInvoker$MethodInvocationAgent.invoke(TestInvoker.java:816)
at org.testng.internal.TestInvoker.invokeTestMethods(TestInvoker.java:146)
at org.testng.internal.TestMethodWorker.invokeTestMethods(TestMethodWorker.java:146)
at org.testng.internal.TestMethodWorker.run(TestMethodWorker.java:128)
at java.util.ArrayList.forEach(ArrayList.java:1257)
at org.testng.TestRunner.privateRun(TestRunner.java:766)
at org.testng.TestRunner.run(TestRunner.java:587)
at org.testng.SuiteRunner.runTest(SuiteRunner.java:384)
at org.testng.SuiteRunner.runSequentially(SuiteRunner.java:378)
at org.testng.SuiteRunner.privateRun(SuiteRunner.java:337)
at org.testng.SuiteRunner.run(SuiteRunner.java:286)
at org.testng.SuiteRunnerWorker.runSuite(SuiteRunnerWorker.java:53)
at org.testng.SuiteRunnerWorker.run(SuiteRunnerWorker.java:96)
at org.testng.TestNG.runSuitesSequentially(TestNG.java:1187)
at org.testng.TestNG.runSuitesLocally(TestNG.java:1109)
at org.testng.TestNG.runSuites(TestNG.java:1039)
at org.testng.TestNG.run(TestNG.java:1007)
at org.testng.remote.AbstractRemoteTestNG.run(AbstractRemoteTestNG.java:115)
at org.testng.remote.RemoteTestNG.initAndRun(RemoteTestNG.java:251)
at org.testng.remote.RemoteTestNG.main(RemoteTestNG.java:77)
]]>
            </full-stacktrace>
          </exception> <!-- java.lang.AssertionError -->
          <reporter-output>
          </reporter-output>
        </test-method> <!-- clickFAQ -->
        <test-method status="PASS" signature="afterMethod()[pri:0, instance:TestCases.MouseHoveringAndToolTip@59e5ddf]" name="afterMethod" is-config="true" duration-ms="699" started-at="2020-02-25T12:23:23 IST" finished-at="2020-02-25T12:23:24 IST">
          <reporter-output>
          </reporter-output>
        </test-method> <!-- afterMethod -->
      </class> <!-- TestCases.MouseHoveringAndToolTip -->
      <class name="TestCases.CheckBoxValidation">
        <test-method status="PASS" signature="setUp()[pri:0, instance:TestCases.CheckBoxValidation@646d64ab]" name="setUp" is-config="true" duration-ms="21192" started-at="2020-02-25T12:22:23 IST" finished-at="2020-02-25T12:22:44 IST">
          <reporter-output>
          </reporter-output>
        </test-method> <!-- setUp -->
        <test-method status="PASS" signature="validateStoreBtn()[pri:1, instance:TestCases.CheckBoxValidation@646d64ab]" name="validateStoreBtn" duration-ms="111" started-at="2020-02-25T12:22:44 IST" finished-at="2020-02-25T12:22:44 IST">
          <reporter-output>
          </reporter-output>
        </test-method> <!-- validateStoreBtn -->
        <test-method status="PASS" signature="terminate()[pri:0, instance:TestCases.CheckBoxValidation@646d64ab]" name="terminate" is-config="true" duration-ms="643" started-at="2020-02-25T12:22:44 IST" finished-at="2020-02-25T12:22:45 IST">
          <reporter-output>
          </reporter-output>
        </test-method> <!-- terminate -->
        <test-method status="PASS" signature="setUp()[pri:0, instance:TestCases.CheckBoxValidation@646d64ab]" name="setUp" is-config="true" duration-ms="5566" started-at="2020-02-25T12:22:45 IST" finished-at="2020-02-25T12:22:50 IST">
          <reporter-output>
          </reporter-output>
        </test-method> <!-- setUp -->
        <test-method status="PASS" signature="validateBoxCutterBtn()[pri:2, instance:TestCases.CheckBoxValidation@646d64ab]" name="validateBoxCutterBtn" duration-ms="169" started-at="2020-02-25T12:22:50 IST" finished-at="2020-02-25T12:22:51 IST">
          <reporter-output>
          </reporter-output>
        </test-method> <!-- validateBoxCutterBtn -->
        <test-method status="PASS" signature="terminate()[pri:0, instance:TestCases.CheckBoxValidation@646d64ab]" name="terminate" is-config="true" duration-ms="969" started-at="2020-02-25T12:22:51 IST" finished-at="2020-02-25T12:22:52 IST">
          <reporter-output>
          </reporter-output>
        </test-method> <!-- terminate -->
      </class> <!-- TestCases.CheckBoxValidation -->
    </test> <!-- Test -->
  </suite> <!-- Suite -->
</testng-results>
